I0626 14:02:02.204017    9252 load.go:31] Reloading schema and connectors...
I0626 14:02:02.314459    9252 control.go:100] [projects/emulator/locations/emulator/services/cetprosmp-2026-service b2e0] UpdateResources(): done
Main schema: sources: schema\schema.gql [24832B] 
Connector "default": sources: example\mutations.gql [1740B] example\queries.gql [1877B] 
I0626 14:02:02.409916    9252 codegen.go:101] [connector "default" javascriptSdk] Generating sources into "C:\\_desarrollo\\cetprosmp-next\\src\\dataconnect-generated"
I0626 14:02:02.434098    9252 codegen.go:101] [connector "default" adminSdk] Generating sources into "C:\\_desarrollo\\cetprosmp-next\\src\\dataconnect-admin-generated"
I0626 14:02:02.444158    9252 codegen.go:101] [connector "default" adminSdk] Generating sources into "C:\\_desarrollo\\cetprosmp-next\\functions\\src\\dataconnect-admin-generated"
I0626 14:02:02.451586    9252 collector.go:107] schema extensions wrote into "C:\\_desarrollo\\cetprosmp-next\\dataconnect\\.dataconnect\\schema"
Generated sources: main\input.gql [704052B] main\relation.gql [385873B] main\query.gql [77089B] main\mutation.gql [206158B] prelude.gql [84995B] 
I0626 14:02:02.470886    9252 collector.go:107] connector "default" javascriptSdk wrote into "C:\\_desarrollo\\cetprosmp-next\\src\\dataconnect-generated"
Generated sources: index.d.ts [14999B] esm\index.esm.js [6095B] .guides/setup.md [1682B] esm\package.json [17B] package.json [853B] react\index.d.ts [4313B] react\esm\package.json [17B] react\package.json [460B] react\index.cjs.js [3804B] react\esm\index.esm.js [3611B] react\README.md [52811B] .guides/config.json [236B] index.cjs.js [6705B] README.md [47215B] .guides/usage.md [3712B] 
I0626 14:02:02.472895    9252 installsdk.go:55] Package @dataconnect/generated is already installed. Skipping installation
I0626 14:02:02.488681    9252 collector.go:107] connector "default" adminSdk wrote into "C:\\_desarrollo\\cetprosmp-next\\src\\dataconnect-admin-generated"
Generated sources: esm\index.esm.js [3271B] esm\package.json [17B] index.cjs.js [3602B] package.json [632B] index.d.ts [14101B] 
I0626 14:02:02.490689    9252 installsdk.go:55] Package @dataconnect/admin-generated is already installed. Skipping installation
I0626 14:02:02.492697    9252 collector.go:107] connector "default" adminSdk wrote into "C:\\_desarrollo\\cetprosmp-next\\functions\\src\\dataconnect-admin-generated"
Generated sources: index.cjs.js [3602B] package.json [632B] index.d.ts [14101B] esm\index.esm.js [3271B] esm\package.json [17B] 
I0626 14:02:02.492697    9252 installsdk.go:55] Package @dataconnect/admin-generated is already installed. Skipping installation
I0626 14:02:02.492697    9252 load.go:109] Finished reloading
I0626 14:02:02.541023    9252 dev.go:104] Listening on address (HTTP + gRPC): 127.0.0.1:9399
I0626 14:02:02.543575    9252 dev.go:104] Listening on address (HTTP + gRPC): [::1]:9399
I0626 14:02:05.600649    9252 control.go:100] [projects/emulator/locations/emulator/services/cetprosmp-2026-service 93ca] UpdateResources(): done
Main schema: sources: schema\schema.gql [24832B] 
Connector "default": sources: example\mutations.gql [1740B] example\queries.gql [1877B] 
I0626 14:02:05.643492    9252 configure_emulator.go:21] ConfigureEmulator successed
Request: service_id:  "cetprosmp-2026-service"
connection_string:  "postgres://127.0.0.1:5432/cetprosmp-db?sslmode=disable"
database:  "cetprosmp-db"

Response: 
I0626 14:03:01.391549    9252 execute.go:57] Database ping is quick (likely cached), took 1.0713ms
I0626 14:03:01.397522    9252 engine.go:209] [projects/emulator/locations/emulator/services/cetprosmp-2026-service 93ca] ImpersonateQuery query GetRoleById: succeeded. Connector: default
I0626 14:03:11.425543    9252 execute.go:57] Database ping is quick (likely cached), took 554.7µs
I0626 14:03:11.432912    9252 engine.go:209] [projects/emulator/locations/emulator/services/cetprosmp-2026-service 93ca] ExecuteGraphql query : succeeded. 
I0626 14:03:11.433468    9252 execute.go:57] Database ping is quick (likely cached), took 555.7µs
I0626 14:03:11.435804    9252 engine.go:209] [projects/emulator/locations/emulator/services/cetprosmp-2026-service 93ca] ExecuteGraphql query : succeeded. 
W0626 14:27:45.271355    9252 execute.go:51] Database ping is slow 34.8899ms
stats before: sql.DBStats{MaxOpenConnections:0, OpenConnections:1, InUse:0, Idle:1, WaitCount:0, WaitDuration:0, MaxIdleClosed:0, MaxIdleTimeClosed:0, MaxLifetimeClosed:0}
stats After: sql.DBStats{MaxOpenConnections:0, OpenConnections:1, InUse:0, Idle:1, WaitCount:0, WaitDuration:0, MaxIdleClosed:0, MaxIdleTimeClosed:0, MaxLifetimeClosed:0}
I0626 14:27:45.415603    9252 engine.go:209] [projects/emulator/locations/emulator/services/cetprosmp-2026-service 93ca] ExecuteGraphql query : succeeded. 
I0626 14:28:22.084416    9252 execute.go:57] Database ping is quick (likely cached), took 1.0498ms
I0626 14:28:22.088639    9252 engine.go:209] [projects/emulator/locations/emulator/services/cetprosmp-2026-service 93ca] ExecuteGraphql query : succeeded. 
I0626 14:28:22.234665    9252 execute.go:57] Database ping is quick (likely cached), took 864.6µs
I0626 14:28:22.240289    9252 engine.go:209] [projects/emulator/locations/emulator/services/cetprosmp-2026-service 93ca] ExecuteGraphql query : succeeded. 
I0626 14:38:02.219169    9252 execute.go:57] Database ping is quick (likely cached), took 523.8µs
I0626 14:38:02.226593    9252 engine.go:209] [projects/emulator/locations/emulator/services/cetprosmp-2026-service 93ca] ExecuteGraphql query : succeeded. 
I0626 14:38:02.253226    9252 execute.go:57] Database ping is quick (likely cached), took 557.3µs
I0626 14:38:02.255316    9252 engine.go:209] [projects/emulator/locations/emulator/services/cetprosmp-2026-service 93ca] ExecuteGraphql query : succeeded. 
I0626 14:49:53.089806    9252 execute.go:57] Database ping is quick (likely cached), took 11.5158ms
I0626 14:49:53.091002    9252 engine.go:209] [projects/emulator/locations/emulator/services/cetprosmp-2026-service 93ca] ExecuteGraphql query : succeeded. 
I0626 14:49:55.950519    9252 execute.go:57] Database ping is quick (likely cached), took 568.9µs
I0626 14:49:55.957806    9252 engine.go:209] [projects/emulator/locations/emulator/services/cetprosmp-2026-service 93ca] ExecuteGraphql query : succeeded. 
I0626 14:54:29.318697    9252 execute.go:57] Database ping is quick (likely cached), took 3.5688ms
I0626 14:54:29.323180    9252 engine.go:209] [projects/emulator/locations/emulator/services/cetprosmp-2026-service 93ca] ExecuteGraphql query : succeeded. 
I0626 14:54:29.323886    9252 execute.go:57] Database ping is quick (likely cached), took 0s
I0626 14:54:29.326910    9252 engine.go:209] [projects/emulator/locations/emulator/services/cetprosmp-2026-service 93ca] ExecuteGraphql query : succeeded. 
I0626 14:54:34.812306    9252 execute.go:57] Database ping is quick (likely cached), took 547.2µs
I0626 14:54:34.837415    9252 engine.go:209] [projects/emulator/locations/emulator/services/cetprosmp-2026-service 93ca] ExecuteGraphql query : succeeded. 
I0626 14:56:08.808498    9252 execute.go:57] Database ping is quick (likely cached), took 1.064ms
I0626 14:56:08.962294    9252 engine.go:209] [projects/emulator/locations/emulator/services/cetprosmp-2026-service 93ca] ExecuteGraphql mutation : succeeded. 
I0626 14:56:09.173427    9252 execute.go:57] Database ping is quick (likely cached), took 1.6569ms
I0626 14:56:09.176711    9252 engine.go:209] [projects/emulator/locations/emulator/services/cetprosmp-2026-service 93ca] ExecuteGraphql query : succeeded. 
I0626 14:56:09.178322    9252 execute.go:57] Database ping is quick (likely cached), took 1.6111ms
I0626 14:56:09.184109    9252 engine.go:209] [projects/emulator/locations/emulator/services/cetprosmp-2026-service 93ca] ExecuteGraphql query : succeeded. 
I0626 14:56:09.258078    9252 execute.go:57] Database ping is quick (likely cached), took 987.3µs
I0626 14:56:09.261869    9252 engine.go:209] [projects/emulator/locations/emulator/services/cetprosmp-2026-service 93ca] ExecuteGraphql query : succeeded. 
I0626 14:56:09.525842    9252 execute.go:57] Database ping is quick (likely cached), took 953.2µs
I0626 14:56:09.532525    9252 engine.go:209] [projects/emulator/locations/emulator/services/cetprosmp-2026-service 93ca] ExecuteGraphql query : succeeded. 
I0626 14:56:11.522769    9252 execute.go:57] Database ping is quick (likely cached), took 609.8µs
I0626 14:56:11.530893    9252 engine.go:209] [projects/emulator/locations/emulator/services/cetprosmp-2026-service 93ca] ExecuteGraphql query : succeeded. 
I0626 14:56:11.531453    9252 execute.go:57] Database ping is quick (likely cached), took 560.4µs
I0626 14:56:11.534882    9252 engine.go:209] [projects/emulator/locations/emulator/services/cetprosmp-2026-service 93ca] ExecuteGraphql query : succeeded. 
I0626 15:10:39.712989    9252 execute.go:57] Database ping is quick (likely cached), took 1.4878ms
I0626 15:10:39.787784    9252 engine.go:209] [projects/emulator/locations/emulator/services/cetprosmp-2026-service 93ca] ExecuteGraphql mutation : succeeded. 
I0626 15:10:39.984748    9252 execute.go:57] Database ping is quick (likely cached), took 6.7636ms
I0626 15:10:39.996118    9252 engine.go:209] [projects/emulator/locations/emulator/services/cetprosmp-2026-service 93ca] ExecuteGraphql query : succeeded. 
I0626 15:10:40.000319    9252 execute.go:57] Database ping is quick (likely cached), took 2.154ms
I0626 15:10:40.005759    9252 engine.go:209] [projects/emulator/locations/emulator/services/cetprosmp-2026-service 93ca] ExecuteGraphql query : succeeded. 
I0626 15:10:40.009130    9252 execute.go:57] Database ping is quick (likely cached), took 2.0982ms
I0626 15:10:40.018240    9252 engine.go:209] [projects/emulator/locations/emulator/services/cetprosmp-2026-service 93ca] ExecuteGraphql query : succeeded. 
I0626 15:10:40.020428    9252 execute.go:57] Database ping is quick (likely cached), took 563.6µs
I0626 15:10:40.024053    9252 engine.go:209] [projects/emulator/locations/emulator/services/cetprosmp-2026-service 93ca] ExecuteGraphql query : succeeded. 
I0626 15:10:40.028188    9252 execute.go:57] Database ping is quick (likely cached), took 945.9µs
I0626 15:10:40.030363    9252 engine.go:209] [projects/emulator/locations/emulator/services/cetprosmp-2026-service 93ca] ExecuteGraphql query : succeeded. 
I0626 15:10:40.257388    9252 execute.go:57] Database ping is quick (likely cached), took 570.9µs
I0626 15:10:40.258804    9252 engine.go:209] [projects/emulator/locations/emulator/services/cetprosmp-2026-service 93ca] ExecuteGraphql query : succeeded. 
I0626 15:12:08.920591    9252 execute.go:57] Database ping is quick (likely cached), took 645.3µs
I0626 15:12:08.977638    9252 engine.go:209] [projects/emulator/locations/emulator/services/cetprosmp-2026-service 93ca] ExecuteGraphql mutation : succeeded. 
I0626 15:12:09.100375    9252 execute.go:57] Database ping is quick (likely cached), took 1.2921ms
I0626 15:12:09.104759    9252 engine.go:209] [projects/emulator/locations/emulator/services/cetprosmp-2026-service 93ca] ExecuteGraphql query : succeeded. 
I0626 15:12:09.476594    9252 execute.go:57] Database ping is quick (likely cached), took 662.1µs
I0626 15:12:09.480157    9252 engine.go:209] [projects/emulator/locations/emulator/services/cetprosmp-2026-service 93ca] ExecuteGraphql query : succeeded. 
I0626 15:16:40.158926    9252 execute.go:57] Database ping is quick (likely cached), took 580.2µs
I0626 15:16:40.164163    9252 engine.go:209] [projects/emulator/locations/emulator/services/cetprosmp-2026-service 93ca] ExecuteGraphql mutation : succeeded. 
I0626 15:16:40.357054    9252 execute.go:57] Database ping is quick (likely cached), took 9.2712ms
I0626 15:16:40.365558    9252 engine.go:209] [projects/emulator/locations/emulator/services/cetprosmp-2026-service 93ca] ExecuteGraphql query : succeeded. 
I0626 15:16:40.367227    9252 execute.go:57] Database ping is quick (likely cached), took 1.6692ms
I0626 15:16:40.371573    9252 engine.go:209] [projects/emulator/locations/emulator/services/cetprosmp-2026-service 93ca] ExecuteGraphql query : succeeded. 
I0626 15:16:40.372097    9252 execute.go:57] Database ping is quick (likely cached), took 523.6µs
I0626 15:16:40.373692    9252 engine.go:209] [projects/emulator/locations/emulator/services/cetprosmp-2026-service 93ca] ExecuteGraphql query : succeeded. 
I0626 15:16:40.376714    9252 execute.go:57] Database ping is quick (likely cached), took 2.3401ms
I0626 15:16:40.381032    9252 engine.go:209] [projects/emulator/locations/emulator/services/cetprosmp-2026-service 93ca] ExecuteGraphql query : succeeded. 
I0626 15:16:40.383865    9252 execute.go:57] Database ping is quick (likely cached), took 2.1623ms
I0626 15:16:40.386748    9252 engine.go:209] [projects/emulator/locations/emulator/services/cetprosmp-2026-service 93ca] ExecuteGraphql query : succeeded. 
I0626 15:16:40.722552    9252 execute.go:57] Database ping is quick (likely cached), took 505.4µs
I0626 15:16:40.732996    9252 engine.go:209] [projects/emulator/locations/emulator/services/cetprosmp-2026-service 93ca] ExecuteGraphql query : succeeded. 
W0626 15:19:11.582620    9252 execute.go:51] Database ping is slow 82.13ms
stats before: sql.DBStats{MaxOpenConnections:0, OpenConnections:1, InUse:0, Idle:1, WaitCount:0, WaitDuration:0, MaxIdleClosed:0, MaxIdleTimeClosed:0, MaxLifetimeClosed:0}
stats After: sql.DBStats{MaxOpenConnections:0, OpenConnections:1, InUse:0, Idle:1, WaitCount:0, WaitDuration:0, MaxIdleClosed:0, MaxIdleTimeClosed:0, MaxLifetimeClosed:0}
I0626 15:19:11.604503    9252 engine.go:209] [projects/emulator/locations/emulator/services/cetprosmp-2026-service 93ca] ExecuteGraphql query : succeeded. 
W0626 15:19:11.627649    9252 execute.go:51] Database ping is slow 23.1472ms
stats before: sql.DBStats{MaxOpenConnections:0, OpenConnections:1, InUse:0, Idle:1, WaitCount:0, WaitDuration:0, MaxIdleClosed:0, MaxIdleTimeClosed:0, MaxLifetimeClosed:0}
stats After: sql.DBStats{MaxOpenConnections:0, OpenConnections:1, InUse:0, Idle:1, WaitCount:0, WaitDuration:0, MaxIdleClosed:0, MaxIdleTimeClosed:0, MaxLifetimeClosed:0}
I0626 15:19:11.645554    9252 engine.go:209] [projects/emulator/locations/emulator/services/cetprosmp-2026-service 93ca] ExecuteGraphql query : succeeded. 
I0626 15:19:11.654891    9252 execute.go:57] Database ping is quick (likely cached), took 8.8321ms
I0626 15:19:11.658403    9252 engine.go:209] [projects/emulator/locations/emulator/services/cetprosmp-2026-service 93ca] ExecuteGraphql query : succeeded. 
I0626 15:19:11.660922    9252 execute.go:57] Database ping is quick (likely cached), took 2.5191ms
I0626 15:19:11.664046    9252 engine.go:209] [projects/emulator/locations/emulator/services/cetprosmp-2026-service 93ca] ExecuteGraphql query : succeeded. 
I0626 15:19:11.665090    9252 execute.go:57] Database ping is quick (likely cached), took 539.7µs
I0626 15:19:11.672991    9252 engine.go:209] [projects/emulator/locations/emulator/services/cetprosmp-2026-service 93ca] ExecuteGraphql query : succeeded. 
I0626 15:19:11.674336    9252 execute.go:57] Database ping is quick (likely cached), took 839µs
I0626 15:19:11.682614    9252 engine.go:209] [projects/emulator/locations/emulator/services/cetprosmp-2026-service 93ca] ExecuteGraphql query : succeeded. 
I0626 15:19:21.980057    9252 execute.go:57] Database ping is quick (likely cached), took 694.9µs
I0626 15:19:21.981754    9252 engine.go:209] [projects/emulator/locations/emulator/services/cetprosmp-2026-service 93ca] ExecuteGraphql mutation : succeeded. 
I0626 15:19:22.171418    9252 execute.go:57] Database ping is quick (likely cached), took 4.028ms
I0626 15:19:22.178149    9252 engine.go:209] [projects/emulator/locations/emulator/services/cetprosmp-2026-service 93ca] ExecuteGraphql query : succeeded. 
I0626 15:19:22.180329    9252 execute.go:57] Database ping is quick (likely cached), took 2.1802ms
I0626 15:19:22.182915    9252 engine.go:209] [projects/emulator/locations/emulator/services/cetprosmp-2026-service 93ca] ExecuteGraphql query : succeeded. 
I0626 15:19:22.185688    9252 execute.go:57] Database ping is quick (likely cached), took 2.7732ms
I0626 15:19:22.187624    9252 engine.go:209] [projects/emulator/locations/emulator/services/cetprosmp-2026-service 93ca] ExecuteGraphql query : succeeded. 
I0626 15:19:22.189386    9252 execute.go:57] Database ping is quick (likely cached), took 1.7618ms
I0626 15:19:22.191398    9252 engine.go:209] [projects/emulator/locations/emulator/services/cetprosmp-2026-service 93ca] ExecuteGraphql query : succeeded. 
I0626 15:19:22.194247    9252 execute.go:57] Database ping is quick (likely cached), took 2.3426ms
I0626 15:19:22.199074    9252 engine.go:209] [projects/emulator/locations/emulator/services/cetprosmp-2026-service 93ca] ExecuteGraphql query : succeeded. 
I0626 15:19:22.476567    9252 execute.go:57] Database ping is quick (likely cached), took 553.6µs
I0626 15:19:22.479095    9252 engine.go:209] [projects/emulator/locations/emulator/services/cetprosmp-2026-service 93ca] ExecuteGraphql query : succeeded. 
I0626 15:19:57.946196    9252 execute.go:57] Database ping is quick (likely cached), took 948.5µs
I0626 15:19:57.954734    9252 engine.go:209] [projects/emulator/locations/emulator/services/cetprosmp-2026-service 93ca] ImpersonateQuery query GetRoleById: succeeded. Connector: default
I0626 15:19:58.803028    9252 execute.go:57] Database ping is quick (likely cached), took 5.4775ms
I0626 15:19:58.890568    9252 engine.go:209] [projects/emulator/locations/emulator/services/cetprosmp-2026-service 93ca] ExecuteGraphql query : succeeded. 
I0626 15:19:58.892173    9252 execute.go:57] Database ping is quick (likely cached), took 948.8µs
I0626 15:19:58.899382    9252 engine.go:209] [projects/emulator/locations/emulator/services/cetprosmp-2026-service 93ca] ExecuteGraphql query : succeeded. 
I0626 15:19:58.900731    9252 execute.go:57] Database ping is quick (likely cached), took 1.3492ms
I0626 15:19:58.904955    9252 engine.go:209] [projects/emulator/locations/emulator/services/cetprosmp-2026-service 93ca] ExecuteGraphql query : succeeded. 
I0626 15:19:58.909385    9252 execute.go:57] Database ping is quick (likely cached), took 3.8347ms
I0626 15:19:58.921668    9252 engine.go:209] [projects/emulator/locations/emulator/services/cetprosmp-2026-service 93ca] ExecuteGraphql query : succeeded. 
I0626 15:19:59.044592    9252 execute.go:57] Database ping is quick (likely cached), took 523.4µs
I0626 15:19:59.047961    9252 engine.go:209] [projects/emulator/locations/emulator/services/cetprosmp-2026-service 93ca] ExecuteGraphql query : succeeded. 
I0626 15:19:59.088290    9252 execute.go:57] Database ping is quick (likely cached), took 510.2µs
I0626 15:19:59.091954    9252 engine.go:209] [projects/emulator/locations/emulator/services/cetprosmp-2026-service 93ca] ExecuteGraphql query : succeeded. 
