error: current transaction is aborted, commands ignored until end of transaction block
    at be.$r (C:\Users\Enrique\AppData\Local\npm-cache\_npx\ba4f1959e38407b5\node_modules\@electric-sql\pglite\dist\index.cjs:3:22154)
    at be.za (C:\Users\Enrique\AppData\Local\npm-cache\_npx\ba4f1959e38407b5\node_modules\@electric-sql\pglite\dist\index.cjs:3:19524)
    at be.parse (C:\Users\Enrique\AppData\Local\npm-cache\_npx\ba4f1959e38407b5\node_modules\@electric-sql\pglite\dist\index.cjs:3:18257)
    at C:\Users\Enrique\AppData\Local\npm-cache\_npx\ba4f1959e38407b5\node_modules\@electric-sql\pglite\dist\index.cjs:12:194697
    at wasm://wasm/021ce0b2:wasm-function[3707]:0x27d0c1
    at wasm://wasm/021ce0b2:wasm-function[3717]:0x27d438
    at wasm://wasm/021ce0b2:wasm-function[9494]:0x509f42
    at wasm://wasm/021ce0b2:wasm-function[175]:0x59a99
    at invoke_v (C:\Users\Enrique\AppData\Local\npm-cache\_npx\ba4f1959e38407b5\node_modules\@electric-sql\pglite\dist\index.cjs:12:179229)
    at wasm://wasm/021ce0b2:wasm-function[178]:0x5a2de {
  length: 145,
  severity: 'ERROR',
  code: '25P02',
  detail: undefined,
  hint: undefined,
  position: undefined,
  internalPosition: undefined,
  internalQuery: undefined,
  where: undefined,
  schema: undefined,
  table: undefined,
  column: undefined,
  dataType: undefined,
  constraint: undefined,
  file: 'postgres.c',
  line: '1509',
  routine: 'exec_parse_message',
  query: 'DEALLOCATE ALL',
  params: [],
  queryOptions: undefined
}
Error: read ECONNRESET
    at TCP.onStreamRead (node:internal/stream_base_commons:216:20) {
  errno: -4077,
  code: 'ECONNRESET',
  syscall: 'read'
}
