[2026-07-06T00:08:43.409Z] > command requires scopes: ["email","openid","https://www.googleapis.com/auth/cloudplatformprojects.readonly","https://www.googleapis.com/auth/firebase","https://www.googleapis.com/auth/cloud-platform"]
[2026-07-06T00:08:43.413Z] > authorizing via signed-in user (enkee03@cetprosmp.edu.pe)
i  emulators: Starting emulators: dataconnect {"metadata":{"emulator":{"name":"hub"},"message":"Starting emulators: dataconnect"}}
[2026-07-06T00:08:43.422Z] [logging] Logging Emulator only supports listening on one address (127.0.0.1). Not listening on ::1
!  dataconnect: postgres server for dataconnect unable to start on port 5432, starting on 5433 instead. {"metadata":{"emulator":{"name":"dataconnect"},"message":"postgres server for dataconnect unable to start on port 5432, starting on 5433 instead."}}
[2026-07-06T00:08:43.425Z] [dataconnect.postgres] postgres server for dataconnect only supports listening on one address (127.0.0.1). Not listening on ::1
[2026-07-06T00:08:43.426Z] assigned listening specs for emulators {"user":{"hub":[{"address":"127.0.0.1","family":"IPv4","port":4400},{"address":"::1","family":"IPv6","port":4400}],"logging":[{"address":"127.0.0.1","family":"IPv4","port":4500}],"dataconnect":[{"address":"127.0.0.1","family":"IPv4","port":9399},{"address":"::1","family":"IPv6","port":9399}],"dataconnect.postgres":[{"address":"127.0.0.1","family":"IPv4","port":5433}]},"metadata":{"message":"assigned listening specs for emulators"}}
[2026-07-06T00:08:43.430Z] Write emulator hub locator at C:\Users\Enrique\AppData\Local\Temp\hub-cetprosmp-2026.json
[2026-07-06T00:08:43.438Z] Checked if tokens are valid: true, expires at: 1783297456744
[2026-07-06T00:08:43.438Z] Checked if tokens are valid: true, expires at: 1783297456744
[2026-07-06T00:08:43.440Z] >>> [apiv2][query] GET https://firebase.googleapis.com/v1beta1/projects/cetprosmp-2026 [none]
[2026-07-06T00:08:43.916Z] <<< [apiv2][status] GET https://firebase.googleapis.com/v1beta1/projects/cetprosmp-2026 200
[2026-07-06T00:08:43.918Z] <<< [apiv2][body] GET https://firebase.googleapis.com/v1beta1/projects/cetprosmp-2026 {"projectId":"cetprosmp-2026","projectNumber":"242152120618","displayName":"cetprosmp","name":"projects/cetprosmp-2026","resources":{"hostingSite":"cetprosmp-2026"},"state":"ACTIVE","labels":{"firebase":"enabled","firebase/storage-default-bucket":"created"},"etag":"1_c5d0d42c-4f39-4704-bfe7-a42c7b2a55f1"}
[2026-07-06T00:08:43.921Z] defaultcredentials: writing to file C:\Users\Enrique\AppData\Roaming\firebase\enkee03_cetprosmp_edu.pe_application_default_credentials.json
[2026-07-06T00:08:44.082Z] I0705 19:08:44.026012   17748 control.go:100] [projects/emulator/locations/emulator/services/cetprosmp-2026-service 169a] UpdateResources(): done
Main schema: sources: schema\schema.gql [29258B] 
Connector "default": sources: example\queries.gql [1895B] example\mutations.gql [1673B] 
 {"metadata":{"emulator":{"name":"dataconnect"},"message":"I0705 19:08:44.026012   17748 control.go:100] [projects/emulator/locations/emulator/services/cetprosmp-2026-service 169a] UpdateResources(): done\nMain schema: sources: schema\\schema.gql [29258B] \nConnector \"default\": sources: example\\queries.gql [1895B] example\\mutations.gql [1673B] \n"}}
[2026-07-06T00:08:44.083Z] defaultcredentials: writing to file C:\Users\Enrique\AppData\Roaming\firebase\enkee03_cetprosmp_edu.pe_application_default_credentials.json
[2026-07-06T00:08:44.085Z] Ignoring unsupported arg: auto_download {"metadata":{"emulator":{"name":"dataconnect"},"message":"Ignoring unsupported arg: auto_download"}}
[2026-07-06T00:08:44.085Z] Ignoring unsupported arg: port {"metadata":{"emulator":{"name":"dataconnect"},"message":"Ignoring unsupported arg: port"}}
[2026-07-06T00:08:44.086Z] Starting SQL Connect Emulator with command {"binary":"C:\\Users\\Enrique\\.cache\\firebase\\emulators\\dataconnect-emulator-3.4.14.exe","args":["--logtostderr","-v=2","dev","--listen=127.0.0.1:9399,[::1]:9399","--config_dir=D:\\_Desarrollo\\cetprosmp-next\\dataconnect","--enable_output_schema_extensions=true","--enable_output_generated_sdk=true"],"optionalArgs":["listen","config_dir","enable_output_schema_extensions","enable_output_generated_sdk"],"joinArgs":true,"shell":false,"port":9399} {"metadata":{"emulator":{"name":"dataconnect"},"message":"Starting SQL Connect Emulator with command {\"binary\":\"C:\\\\Users\\\\Enrique\\\\.cache\\\\firebase\\\\emulators\\\\dataconnect-emulator-3.4.14.exe\",\"args\":[\"--logtostderr\",\"-v=2\",\"dev\",\"--listen=127.0.0.1:9399,[::1]:9399\",\"--config_dir=D:\\\\_Desarrollo\\\\cetprosmp-next\\\\dataconnect\",\"--enable_output_schema_extensions=true\",\"--enable_output_generated_sdk=true\"],\"optionalArgs\":[\"listen\",\"config_dir\",\"enable_output_schema_extensions\",\"enable_output_generated_sdk\"],\"joinArgs\":true,\"shell\":false,\"port\":9399}"}}
i  dataconnect: SQL Connect Emulator logging to dataconnect-debug.log {"metadata":{"emulator":{"name":"dataconnect"},"message":"SQL Connect Emulator logging to \u001b[1mdataconnect-debug.log\u001b[22m"}}
i  dataconnect: Started up Postgres server, listening on {"address":"127.0.0.1","family":"IPv4","port":5433} {"metadata":{"emulator":{"name":"dataconnect"},"message":"Started up Postgres server, listening on {\"address\":\"127.0.0.1\",\"family\":\"IPv4\",\"port\":5433}"}}
[2026-07-06T00:08:44.116Z] [SQL Connect] Connecting to postgres://127.0.0.1:5433/cetprosmp-db?sslmode=disable}...
[2026-07-06T00:08:44.116Z] >>> [apiv2][query] POST http://127.0.0.1:9399/emulator/configure [none]
[2026-07-06T00:08:44.117Z] >>> [apiv2][body] POST http://127.0.0.1:9399/emulator/configure {"connectionString":"postgres://127.0.0.1:5433/cetprosmp-db?sslmode=disable","database":"cetprosmp-db","serviceId":"cetprosmp-2026-service"}
[2026-07-06T00:08:44.119Z] *** [apiv2] error from fetch(http://127.0.0.1:9399/emulator/configure, {"headers":{},"method":"POST","body":"{\"connectionString\":\"postgres://127.0.0.1:5433/cetprosmp-db?sslmode=disable\",\"database\":\"cetprosmp-db\",\"serviceId\":\"cetprosmp-2026-service\"}"}): FetchError: request to http://127.0.0.1:9399/emulator/configure failed, reason: connect ECONNREFUSED 127.0.0.1:9399
[2026-07-06T00:08:44.119Z] [SQL Connect] Retrying connectToPostgress call (1 of 3 attempts): SQL Connect emulator: FirebaseError: Failed to make request to http://127.0.0.1:9399/emulator/configure
[2026-07-06T00:08:44.129Z] I0705 19:08:44.115437   10392 load.go:31] Reloading schema and connectors...
 {"metadata":{"emulator":{"name":"dataconnect"},"message":"I0705 19:08:44.115437   10392 load.go:31] Reloading schema and connectors...\n"}}
[2026-07-06T00:08:44.202Z] I0705 19:08:44.202337   10392 control.go:100] [projects/emulator/locations/emulator/services/cetprosmp-2026-service 45f1] UpdateResources(): done
Main schema: sources: schema\schema.gql [29258B] 
Connector "default": sources: example\mutations.gql [1673B] example\queries.gql [1895B] 
 {"metadata":{"emulator":{"name":"dataconnect"},"message":"I0705 19:08:44.202337   10392 control.go:100] [projects/emulator/locations/emulator/services/cetprosmp-2026-service 45f1] UpdateResources(): done\nMain schema: sources: schema\\schema.gql [29258B] \nConnector \"default\": sources: example\\mutations.gql [1673B] example\\queries.gql [1895B] \n"}}
[2026-07-06T00:08:44.299Z] I0705 19:08:44.298688   10392 codegen.go:101] [connector "default" javascriptSdk] Generating sources into "D:\\_Desarrollo\\cetprosmp-next\\src\\dataconnect-generated"
 {"metadata":{"emulator":{"name":"dataconnect"},"message":"I0705 19:08:44.298688   10392 codegen.go:101] [connector \"default\" javascriptSdk] Generating sources into \"D:\\\\_Desarrollo\\\\cetprosmp-next\\\\src\\\\dataconnect-generated\"\n"}}
[2026-07-06T00:08:44.317Z] I0705 19:08:44.316627   10392 codegen.go:101] [connector "default" adminSdk] Generating sources into "D:\\_Desarrollo\\cetprosmp-next\\src\\dataconnect-admin-generated"
 {"metadata":{"emulator":{"name":"dataconnect"},"message":"I0705 19:08:44.316627   10392 codegen.go:101] [connector \"default\" adminSdk] Generating sources into \"D:\\\\_Desarrollo\\\\cetprosmp-next\\\\src\\\\dataconnect-admin-generated\"\n"}}
[2026-07-06T00:08:44.322Z] I0705 19:08:44.321626   10392 codegen.go:101] [connector "default" adminSdk] Generating sources into "D:\\_Desarrollo\\cetprosmp-next\\functions\\src\\dataconnect-admin-generated"
 {"metadata":{"emulator":{"name":"dataconnect"},"message":"I0705 19:08:44.321626   10392 codegen.go:101] [connector \"default\" adminSdk] Generating sources into \"D:\\\\_Desarrollo\\\\cetprosmp-next\\\\functions\\\\src\\\\dataconnect-admin-generated\"\n"}}
[2026-07-06T00:08:44.325Z] I0705 19:08:44.325626   10392 collector.go:107] schema extensions wrote into "D:\\_Desarrollo\\cetprosmp-next\\dataconnect\\.dataconnect\\schema"
Generated sources: main\input.gql [821056B] main\relation.gql [461921B] main\query.gql [86328B] prelude.gql [84995B] main\mutation.gql [231293B] 
 {"metadata":{"emulator":{"name":"dataconnect"},"message":"I0705 19:08:44.325626   10392 collector.go:107] schema extensions wrote into \"D:\\\\_Desarrollo\\\\cetprosmp-next\\\\dataconnect\\\\.dataconnect\\\\schema\"\nGenerated sources: main\\input.gql [821056B] main\\relation.gql [461921B] main\\query.gql [86328B] prelude.gql [84995B] main\\mutation.gql [231293B] \n"}}
[2026-07-06T00:08:44.340Z] I0705 19:08:44.339943   10392 collector.go:107] connector "default" javascriptSdk wrote into "D:\\_Desarrollo\\cetprosmp-next\\src\\dataconnect-generated"
Generated sources: react\README.md [52845B] .guides/config.json [236B] esm\index.esm.js [6095B] esm\package.json [17B] README.md [47249B] react\esm\package.json [17B] .guides/usage.md [3712B] index.d.ts [15746B] react\index.d.ts [4313B] react\package.json [460B] .guides/setup.md [1682B] package.json [853B] index.cjs.js [6705B] react\index.cjs.js [3804B] react\esm\index.esm.js [3611B] 
 {"metadata":{"emulator":{"name":"dataconnect"},"message":"I0705 19:08:44.339943   10392 collector.go:107] connector \"default\" javascriptSdk wrote into \"D:\\\\_Desarrollo\\\\cetprosmp-next\\\\src\\\\dataconnect-generated\"\nGenerated sources: react\\README.md [52845B] .guides/config.json [236B] esm\\index.esm.js [6095B] esm\\package.json [17B] README.md [47249B] react\\esm\\package.json [17B] .guides/usage.md [3712B] index.d.ts [15746B] react\\index.d.ts [4313B] react\\package.json [460B] .guides/setup.md [1682B] package.json [853B] index.cjs.js [6705B] react\\index.cjs.js [3804B] react\\esm\\index.esm.js [3611B] \n"}}
[2026-07-06T00:08:44.341Z] I0705 19:08:44.340895   10392 installsdk.go:55] Package @dataconnect/generated is already installed. Skipping installation
 {"metadata":{"emulator":{"name":"dataconnect"},"message":"I0705 19:08:44.340895   10392 installsdk.go:55] Package @dataconnect/generated is already installed. Skipping installation\n"}}
[2026-07-06T00:08:44.342Z] I0705 19:08:44.342423   10392 collector.go:107] connector "default" adminSdk wrote into "D:\\_Desarrollo\\cetprosmp-next\\src\\dataconnect-admin-generated"
Generated sources: index.d.ts [14848B] esm\index.esm.js [3271B] esm\package.json [17B] index.cjs.js [3602B] package.json [632B] 
 {"metadata":{"emulator":{"name":"dataconnect"},"message":"I0705 19:08:44.342423   10392 collector.go:107] connector \"default\" adminSdk wrote into \"D:\\\\_Desarrollo\\\\cetprosmp-next\\\\src\\\\dataconnect-admin-generated\"\nGenerated sources: index.d.ts [14848B] esm\\index.esm.js [3271B] esm\\package.json [17B] index.cjs.js [3602B] package.json [632B] \n"}}
[2026-07-06T00:08:44.343Z] I0705 19:08:44.343395   10392 installsdk.go:55] Package @dataconnect/admin-generated is already installed. Skipping installation
 {"metadata":{"emulator":{"name":"dataconnect"},"message":"I0705 19:08:44.343395   10392 installsdk.go:55] Package @dataconnect/admin-generated is already installed. Skipping installation\n"}}
[2026-07-06T00:08:44.344Z] I0705 19:08:44.344002   10392 collector.go:107] connector "default" adminSdk wrote into "D:\\_Desarrollo\\cetprosmp-next\\functions\\src\\dataconnect-admin-generated"
Generated sources: esm\index.esm.js [3271B] esm\package.json [17B] index.cjs.js [3602B] package.json [632B] index.d.ts [14848B] 
 {"metadata":{"emulator":{"name":"dataconnect"},"message":"I0705 19:08:44.344002   10392 collector.go:107] connector \"default\" adminSdk wrote into \"D:\\\\_Desarrollo\\\\cetprosmp-next\\\\functions\\\\src\\\\dataconnect-admin-generated\"\nGenerated sources: esm\\index.esm.js [3271B] esm\\package.json [17B] index.cjs.js [3602B] package.json [632B] index.d.ts [14848B] \n"}}
[2026-07-06T00:08:44.345Z] I0705 19:08:44.345188   10392 installsdk.go:55] Package @dataconnect/admin-generated is already installed. Skipping installation
 {"metadata":{"emulator":{"name":"dataconnect"},"message":"I0705 19:08:44.345188   10392 installsdk.go:55] Package @dataconnect/admin-generated is already installed. Skipping installation\n"}}
[2026-07-06T00:08:44.345Z] I0705 19:08:44.345188   10392 load.go:109] Finished reloading
 {"metadata":{"emulator":{"name":"dataconnect"},"message":"I0705 19:08:44.345188   10392 load.go:109] Finished reloading\n"}}
[2026-07-06T00:08:44.346Z] I0705 19:08:44.346899   10392 dev.go:104] Listening on address (HTTP + gRPC): 127.0.0.1:9399
 {"metadata":{"emulator":{"name":"dataconnect"},"message":"I0705 19:08:44.346899   10392 dev.go:104] Listening on address (HTTP + gRPC): 127.0.0.1:9399\n"}}
[2026-07-06T00:08:44.347Z] I0705 19:08:44.347461   10392 dev.go:104] Listening on address (HTTP + gRPC): [::1]:9399
 {"metadata":{"emulator":{"name":"dataconnect"},"message":"I0705 19:08:44.347461   10392 dev.go:104] Listening on address (HTTP + gRPC): [::1]:9399\n"}}
[2026-07-06T00:08:46.131Z] [SQL Connect] Connecting to postgres://127.0.0.1:5433/cetprosmp-db?sslmode=disable}...
[2026-07-06T00:08:46.134Z] >>> [apiv2][query] POST http://127.0.0.1:9399/emulator/configure [none]
[2026-07-06T00:08:46.134Z] >>> [apiv2][body] POST http://127.0.0.1:9399/emulator/configure {"connectionString":"postgres://127.0.0.1:5433/cetprosmp-db?sslmode=disable","database":"cetprosmp-db","serviceId":"cetprosmp-2026-service"}
[2026-07-06T00:08:47.199Z] I0705 19:08:47.200049   10392 migrate.go:24] Running migration SQL:
Step 1: CREATE TABLE "public"."acciones" ("id" serial NOT NULL, "descripcion" text NULL, PRIMARY KEY ("id"))
Step 2: CREATE TABLE "public"."act_economicas" ("id" serial NOT NULL, "especialidad_id" integer NULL, "familia_id" integer NULL, "descripcion" text NULL, "imagen_portada_url" text NULL, "titulo" text NULL, PRIMARY KEY ("id"))
Step 3: CREATE INDEX "act_economicas_especialidadId_idx" ON "public"."act_economicas" ("especialidad_id")
Step 4: CREATE INDEX "act_economicas_familiaId_idx" ON "public"."act_economicas" ("familia_id")
Step 5: CREATE TABLE "public"."actividades" ("id" serial NOT NULL, "aprendizaje_id" integer NOT NULL, "eje_transversal_id" integer NULL, "valor_institucional_id" integer NULL, "ambiente" text NULL, "bibliografia" text NULL, "descripcion" text NULL, "duracion" integer NULL, "fecha" timestamptz NULL, "nombre" text NULL, "proposito" text NULL, PRIMARY KEY ("id"))
Step 6: CREATE INDEX "actividades_aprendizajeId_idx" ON "public"."actividades" ("aprendizaje_id")
Step 7: CREATE INDEX "actividades_ejeTransversalId_idx" ON "public"."actividades" ("eje_transversal_id")
Step 8: CREATE INDEX "actividades_valorInstitucionalId_idx" ON "public"."actividades" ("valor_institucional_id")
Step 9: CREATE TABLE "public"."anios" ("id" serial NOT NULL, "nombre" text NULL, "titulo" text NULL, PRIMARY KEY ("id"))
Step 10: CREATE TABLE "public"."aprendizajes" ("id" serial NOT NULL, "indicador_capacidad_id" integer NOT NULL, "descripcion" text NULL, "sigla" text NULL, PRIMARY KEY ("id"))
Step 11: CREATE INDEX "aprendizajes_indicadorCapacidadId_idx" ON "public"."aprendizajes" ("indicador_capacidad_id")
Step 12: CREATE TABLE "public"."asistencias" ("id" serial NOT NULL, "evento_ocurrencia_id" integer NOT NULL, "matricula_id" integer NOT NULL, "registrado_por_id" integer NULL, "estado_asistencia" text NULL, "fecha_actualizacion" timestamptz NULL, "fecha_creacion" timestamptz NULL, "observacion" text NULL, "registrado_at" timestamptz NULL, PRIMARY KEY ("id"))
Step 13: CREATE INDEX "asistencias_eventoOcurrenciaId_idx" ON "public"."asistencias" ("evento_ocurrencia_id")
Step 14: CREATE INDEX "asistencias_matriculaId_idx" ON "public"."asistencias" ("matricula_id")
Step 15: CREATE INDEX "asistencias_registradoPorId_idx" ON "public"."asistencias" ("registrado_por_id")
Step 16: CREATE UNIQUE INDEX "asistencias_eventoOcurrenciaId_matriculaId_uidx" ON "public"."asistencias" ("evento_ocurrencia_id", "matricula_id")
Step 17: CREATE TABLE "public"."aspectos_evaluacion" ("id" serial NOT NULL, "evaluacion_id" integer NOT NULL, "descripcion" text NULL, PRIMARY KEY ("id"))
Step 18: CREATE INDEX "aspectos_evaluacion_evaluacionId_idx" ON "public"."aspectos_evaluacion" ("evaluacion_id")
Step 19: CREATE TABLE "public"."aspectos_evaluacion_estudiantes" ("id" serial NOT NULL, "aspecto_evaluacion_id" integer NOT NULL, "evaluacion_estudiante_id" integer NOT NULL, "puntaje" double precision NULL, PRIMARY KEY ("id"))
Step 20: CREATE INDEX "aspectos_evaluacion_estudiantes_aspectoEvaluacionId_idx" ON "public"."aspectos_evaluacion_estudiantes" ("aspecto_evaluacion_id")
Step 21: CREATE INDEX "aspectos_evaluacion_estudiantes_evaluacionEstudianteId_idx" ON "public"."aspectos_evaluacion_estudiantes" ("evaluacion_estudiante_id")
Step 22: CREATE UNIQUE INDEX "aspectos_evaluacion_estudiantes_evaluacispectoEvaluacionId_uidx" ON "public"."aspectos_evaluacion_estudiantes" ("evaluacion_estudiante_id", "aspecto_evaluacion_id")
Step 23: CREATE TABLE "public"."calendarios" ("id" serial NOT NULL, "anio_id" integer NULL, "horario_id" integer NULL, "semestre_id" integer NULL, "activo" boolean NULL, "archivado" boolean NULL, "color" text NULL, "descripcion" text NULL, "duracion" integer NULL, "fecha_actualizacion" timestamptz NULL, "fecha_creacion" timestamptz NULL, "fecha_fin" timestamptz NULL, "fecha_ini" timestamptz NULL, "fin" timestamptz NULL, "inicio" timestamptz NULL, "tipo" text NULL, "titulo" text NULL, PRIMARY KEY ("id"))
Step 24: CREATE INDEX "calendarios_anioId_idx" ON "public"."calendarios" ("anio_id")
Step 25: CREATE INDEX "calendarios_horarioId_idx" ON "public"."calendarios" ("horario_id")
Step 26: CREATE INDEX "calendarios_semestreId_idx" ON "public"."calendarios" ("semestre_id")
Step 27: CREATE TABLE "public"."capacidades_terminales" ("id" serial NOT NULL, "unidad_didactica_id" integer NOT NULL, "descripcion" text NULL, "sigla" text NULL, PRIMARY KEY ("id"))
Step 28: CREATE INDEX "capacidades_terminales_unidadDidacticaId_idx" ON "public"."capacidades_terminales" ("unidad_didactica_id")
Step 29: CREATE TABLE "public"."capacidades_terminales_estudiantes" ("id" serial NOT NULL, "capacidad_terminal_id" integer NOT NULL, "matricula_id" integer NOT NULL, "promedio" double precision NULL, PRIMARY KEY ("id"))
Step 30: CREATE INDEX "capacidades_terminales_estudiantes_capacidadTerminalId_idx" ON "public"."capacidades_terminales_estudiantes" ("capacidad_terminal_id")
Step 31: CREATE INDEX "capacidades_terminales_estudiantes_matriculaId_idx" ON "public"."capacidades_terminales_estudiantes" ("matricula_id")
Step 32: CREATE UNIQUE INDEX "capacidades_terminales_estudiantes_matriapacidadTerminalId_uidx" ON "public"."capacidades_terminales_estudiantes" ("matricula_id", "capacidad_terminal_id")
Step 33: CREATE TABLE "public"."carreras" ("id" serial NOT NULL, "act_economica_id" integer NULL, "tipo_carrera_id" integer NULL, "actualizado_en" timestamptz NULL, "codigo" text NULL, "creado_en" timestamptz NULL, "creditos" integer NULL, "descripcion" text NULL, "descripcion_2" text NULL, "duracion" text NULL, "imagen_portada_url" text NULL, "nivel" text NULL, "nombre" text NULL, "slug" text NULL, "titulo" text NULL, "titulo_comercial" text NULL, PRIMARY KEY ("id"))
Step 34: CREATE INDEX "carreras_actEconomicaId_idx" ON "public"."carreras" ("act_economica_id")
Step 35: CREATE INDEX "carreras_tipoCarreraId_idx" ON "public"."carreras" ("tipo_carrera_id")
Step 36: CREATE TABLE "public"."dato_general" ("id" serial NOT NULL, "correo" text NULL, "direccion" text NULL, "facebook" text NULL, "instagram" text NULL, "nombre_institucion" text NULL, "pagina_web" text NULL, "rd" text NULL, "ruc" text NULL, "telefono_1" text NULL, "telefono_2" text NULL, "tiktok" text NULL, "twitter" text NULL, "youtube" text NULL, PRIMARY KEY ("id"))
Step 37: CREATE TABLE "public"."ejes_transversales" ("id" serial NOT NULL, "descripcion" text NULL, "nombre" text NULL, PRIMARY KEY ("id"))
Step 38: CREATE TABLE "public"."especialidades" ("id" serial NOT NULL, "act_economica_id" integer NULL, "descripcion" text NULL, "descripcion_2" text NULL, "imagen_portada_url" text NULL, "slug" text NULL, "titulo" text NULL, "titulo_comercial" text NULL, PRIMARY KEY ("id"))
Step 39: CREATE INDEX "especialidades_actEconomicaId_idx" ON "public"."especialidades" ("act_economica_id")
Step 40: CREATE TABLE "public"."evaluaciones" ("id" serial NOT NULL, "actividad_id" integer NOT NULL, "indicador_capacidad_id" integer NOT NULL, "metodo_id" integer NULL, "tecnica_id" integer NULL, "instrumento" text NULL, PRIMARY KEY ("id"))
Step 41: CREATE INDEX "evaluaciones_actividadId_idx" ON "public"."evaluaciones" ("actividad_id")
Step 42: CREATE INDEX "evaluaciones_indicadorCapacidadId_idx" ON "public"."evaluaciones" ("indicador_capacidad_id")
Step 43: CREATE INDEX "evaluaciones_metodoId_idx" ON "public"."evaluaciones" ("metodo_id")
Step 44: CREATE INDEX "evaluaciones_tecnicaId_idx" ON "public"."evaluaciones" ("tecnica_id")
Step 45: CREATE TABLE "public"."evaluaciones_estudiantes" ("id" serial NOT NULL, "evaluacion_id" integer NOT NULL, "matricula_id" integer NOT NULL, "nota" double precision NULL, PRIMARY KEY ("id"))
Step 46: CREATE INDEX "evaluaciones_estudiantes_evaluacionId_idx" ON "public"."evaluaciones_estudiantes" ("evaluacion_id")
Step 47: CREATE INDEX "evaluaciones_estudiantes_matriculaId_idx" ON "public"."evaluaciones_estudiantes" ("matricula_id")
Step 48: CREATE UNIQUE INDEX "evaluaciones_estudiantes_matriculaId_evaluacionId_uidx" ON "public"."evaluaciones_estudiantes" ("matricula_id", "evaluacion_id")
Step 49: CREATE TABLE "public"."evento_ocurrencias" ("id" serial NOT NULL, "evento_id" integer NOT NULL, "grupo_id" integer NULL, "recurrencia_id" integer NULL, "estado" text NULL, "fecha_actualizacion" timestamptz NULL, "fecha_creacion" timestamptz NULL, "fecha_fin" timestamptz NULL, "fecha_inicio" timestamptz NULL, "numero_ocurrencia" integer NULL, "observacion" text NULL, "tipo_ocurrencia" text NULL, PRIMARY KEY ("id"))
Step 50: CREATE INDEX "evento_ocurrencias_eventoId_idx" ON "public"."evento_ocurrencias" ("evento_id")
Step 51: CREATE INDEX "evento_ocurrencias_grupoId_idx" ON "public"."evento_ocurrencias" ("grupo_id")
Step 52: CREATE INDEX "evento_ocurrencias_recurrenciaId_idx" ON "public"."evento_ocurrencias" ("recurrencia_id")
Step 53: CREATE TABLE "public"."evento_recurrencias" ("id" serial NOT NULL, "evento_id" integer NOT NULL, "horario_id" integer NULL, "turno_id" integer NULL, "activo" boolean NULL, "cantidad_ocurrencias" integer NULL, "dia_mes" integer NULL, "dias_semana" text NULL, "fecha_actualizacion" timestamptz NULL, "fecha_creacion" timestamptz NULL, "fecha_fin" timestamptz NULL, "fecha_inicio" timestamptz NULL, "frecuencia" text NULL, "intervalo" integer NULL, "regla_especial" text NULL, "semana_mes" integer NULL, PRIMARY KEY ("id"))
Step 54: CREATE INDEX "evento_recurrencias_eventoId_idx" ON "public"."evento_recurrencias" ("evento_id")
Step 55: CREATE INDEX "evento_recurrencias_horarioId_idx" ON "public"."evento_recurrencias" ("horario_id")
Step 56: CREATE INDEX "evento_recurrencias_turnoId_idx" ON "public"."evento_recurrencias" ("turno_id")
Step 57: CREATE TABLE "public"."evento_relaciones" ("id" serial NOT NULL, "evento_id" integer NOT NULL, "entidad_id" integer NULL, "entidad_tipo" text NULL, "fecha_actualizacion" timestamptz NULL, "fecha_creacion" timestamptz NULL, PRIMARY KEY ("id"))
Step 58: CREATE INDEX "evento_relaciones_eventoId_idx" ON "public"."evento_relaciones" ("evento_id")
Step 59: CREATE TABLE "public"."eventos" ("id" serial NOT NULL, "calendario_id" integer NOT NULL, "semestre_id" integer NULL, "color" text NULL, "descripcion" text NULL, "estado" text NULL, "fecha_actualizacion" timestamptz NULL, "fecha_creacion" timestamptz NULL, "fecha_fin" timestamptz NULL, "fecha_inicio" timestamptz NULL, "tipo_evento" text NULL, "titulo" text NULL, "todo_el_dia" boolean NULL, "ubicacion" text NULL, PRIMARY KEY ("id"))
Step 60: CREATE INDEX "eventos_calendarioId_idx" ON "public"."eventos" ("calendario_id")
Step 61: CREATE INDEX "eventos_semestreId_idx" ON "public"."eventos" ("semestre_id")
Step 62: CREATE TABLE "public"."familias" ("id" serial NOT NULL, "sector_id" integer NULL, "descripcion" text NULL, "imagen_portada_url" text NULL, "titulo" text NULL, PRIMARY KEY ("id"))
Step 63: CREATE INDEX "familias_sectorId_idx" ON "public"."familias" ("sector_id")
Step 64: CREATE TABLE "public"."fases" ("id" serial NOT NULL, "accion_id" integer NULL, "actividad_id" integer NOT NULL, "descripcion" text NULL, "duracion" integer NULL, "metodologia" text NULL, "nombre" text NULL, PRIMARY KEY ("id"))
Step 65: CREATE INDEX "fases_accionId_idx" ON "public"."fases" ("accion_id")
Step 66: CREATE INDEX "fases_actividadId_idx" ON "public"."fases" ("actividad_id")
Step 67: CREATE TABLE "public"."fases_metodos" ("id" serial NOT NULL, "fase_id" integer NOT NULL, "metodo_id" integer NOT NULL, PRIMARY KEY ("id"))
Step 68: CREATE INDEX "fases_metodos_faseId_idx" ON "public"."fases_metodos" ("fase_id")
Step 69: CREATE INDEX "fases_metodos_metodoId_idx" ON "public"."fases_metodos" ("metodo_id")
Step 70: CREATE UNIQUE INDEX "fases_metodos_faseId_metodoId_uidx" ON "public"."fases_metodos" ("fase_id", "metodo_id")
Step 71: CREATE TABLE "public"."fases_recursos" ("id" serial NOT NULL, "fase_id" integer NOT NULL, "recurso_id" integer NOT NULL, PRIMARY KEY ("id"))
Step 72: CREATE INDEX "fases_recursos_faseId_idx" ON "public"."fases_recursos" ("fase_id")
Step 73: CREATE INDEX "fases_recursos_recursoId_idx" ON "public"."fases_recursos" ("recurso_id")
Step 74: CREATE UNIQUE INDEX "fases_recursos_faseId_recursoId_uidx" ON "public"."fases_recursos" ("fase_id", "recurso_id")
Step 75: CREATE TABLE "public"."fases_tecnicas" ("id" serial NOT NULL, "fase_id" integer NOT NULL, "tecnica_id" integer NOT NULL, PRIMARY KEY ("id"))
Step 76: CREATE INDEX "fases_tecnicas_faseId_idx" ON "public"."fases_tecnicas" ("fase_id")
Step 77: CREATE INDEX "fases_tecnicas_tecnicaId_idx" ON "public"."fases_tecnicas" ("tecnica_id")
Step 78: CREATE UNIQUE INDEX "fases_tecnicas_faseId_tecnicaId_uidx" ON "public"."fases_tecnicas" ("fase_id", "tecnica_id")
Step 79: CREATE TABLE "public"."grupo_modulos" ("id" serial NOT NULL, "calendario_id" integer NULL, "grupo_id" integer NOT NULL, "modulo_id" integer NOT NULL, "obligatorio" boolean NULL, "orden" integer NULL, PRIMARY KEY ("id"))
Step 80: CREATE INDEX "grupo_modulos_calendarioId_idx" ON "public"."grupo_modulos" ("calendario_id")
Step 81: CREATE INDEX "grupo_modulos_grupoId_idx" ON "public"."grupo_modulos" ("grupo_id")
Step 82: CREATE INDEX "grupo_modulos_moduloId_idx" ON "public"."grupo_modulos" ("modulo_id")
Step 83: CREATE UNIQUE INDEX "grupo_modulos_grupoId_moduloId_uidx" ON "public"."grupo_modulos" ("grupo_id", "modulo_id")
Step 84: CREATE TABLE "public"."grupos" ("id" serial NOT NULL, "horario_id" integer NULL, "paquete_id" integer NULL, "personal_id" integer NULL, "semestre_id" integer NULL, "turno_id" integer NULL, "archivado" boolean NULL, "calendario_id" integer NULL, "descripcion" text NULL, "estado" text NULL, "fecha_actualizacion" timestamptz NULL, "fecha_creacion" timestamptz NULL, "grupo_ord" integer NULL, "modulo_id" integer NULL, "nombre_display" text NULL, "turno" text NULL, PRIMARY KEY ("id"))
Step 85: CREATE INDEX "grupos_calendarioId_idx" ON "public"."grupos" ("calendario_id")
Step 86: CREATE INDEX "grupos_moduloId_idx" ON "public"."grupos" ("modulo_id")
Step 87: CREATE INDEX "grupos_horarioId_idx" ON "public"."grupos" ("horario_id")
Step 88: CREATE INDEX "grupos_paqueteId_idx" ON "public"."grupos" ("paquete_id")
Step 89: CREATE INDEX "grupos_personalId_idx" ON "public"."grupos" ("personal_id")
Step 90: CREATE INDEX "grupos_semestreId_idx" ON "public"."grupos" ("semestre_id")
Step 91: CREATE INDEX "grupos_turnoId_idx" ON "public"."grupos" ("turno_id")
Step 92: CREATE TABLE "public"."horarios" ("id" serial NOT NULL, "activo" boolean NULL, "descripcion" text NULL, "dias_semana" text NULL, "fecha_actualizacion" timestamptz NULL, "fecha_creacion" timestamptz NULL, "nombre" text NULL, "regla" text NULL, "viernes_alterno_inicio" text NULL, PRIMARY KEY ("id"))
Step 93: CREATE TABLE "public"."indicadores_capacidad" ("id" serial NOT NULL, "capacidad_terminal_id" integer NOT NULL, "descripcion" text NULL, "sigla" text NULL, PRIMARY KEY ("id"))
Step 94: CREATE INDEX "indicadores_capacidad_capacidadTerminalId_idx" ON "public"."indicadores_c
 {"metadata":{"emulator":{"name":"dataconnect"},"message":"I0705 19:08:47.200049   10392 migrate.go:24] Running migration SQL:\nStep 1: CREATE TABLE \"public\".\"acciones\" (\"id\" serial NOT NULL, \"descripcion\" text NULL, PRIMARY KEY (\"id\"))\nStep 2: CREATE TABLE \"public\".\"act_economicas\" (\"id\" serial NOT NULL, \"especialidad_id\" integer NULL, \"familia_id\" integer NULL, \"descripcion\" text NULL, \"imagen_portada_url\" text NULL, \"titulo\" text NULL, PRIMARY KEY (\"id\"))\nStep 3: CREATE INDEX \"act_economicas_especialidadId_idx\" ON \"public\".\"act_economicas\" (\"especialidad_id\")\nStep 4: CREATE INDEX \"act_economicas_familiaId_idx\" ON \"public\".\"act_economicas\" (\"familia_id\")\nStep 5: CREATE TABLE \"public\".\"actividades\" (\"id\" serial NOT NULL, \"aprendizaje_id\" integer NOT NULL, \"eje_transversal_id\" integer NULL, \"valor_institucional_id\" integer NULL, \"ambiente\" text NULL, \"bibliografia\" text NULL, \"descripcion\" text NULL, \"duracion\" integer NULL, \"fecha\" timestamptz NULL, \"nombre\" text NULL, \"proposito\" text NULL, PRIMARY KEY (\"id\"))\nStep 6: CREATE INDEX \"actividades_aprendizajeId_idx\" ON \"public\".\"actividades\" (\"aprendizaje_id\")\nStep 7: CREATE INDEX \"actividades_ejeTransversalId_idx\" ON \"public\".\"actividades\" (\"eje_transversal_id\")\nStep 8: CREATE INDEX \"actividades_valorInstitucionalId_idx\" ON \"public\".\"actividades\" (\"valor_institucional_id\")\nStep 9: CREATE TABLE \"public\".\"anios\" (\"id\" serial NOT NULL, \"nombre\" text NULL, \"titulo\" text NULL, PRIMARY KEY (\"id\"))\nStep 10: CREATE TABLE \"public\".\"aprendizajes\" (\"id\" serial NOT NULL, \"indicador_capacidad_id\" integer NOT NULL, \"descripcion\" text NULL, \"sigla\" text NULL, PRIMARY KEY (\"id\"))\nStep 11: CREATE INDEX \"aprendizajes_indicadorCapacidadId_idx\" ON \"public\".\"aprendizajes\" (\"indicador_capacidad_id\")\nStep 12: CREATE TABLE \"public\".\"asistencias\" (\"id\" serial NOT NULL, \"evento_ocurrencia_id\" integer NOT NULL, \"matricula_id\" integer NOT NULL, \"registrado_por_id\" integer NULL, \"estado_asistencia\" text NULL, \"fecha_actualizacion\" timestamptz NULL, \"fecha_creacion\" timestamptz NULL, \"observacion\" text NULL, \"registrado_at\" timestamptz NULL, PRIMARY KEY (\"id\"))\nStep 13: CREATE INDEX \"asistencias_eventoOcurrenciaId_idx\" ON \"public\".\"asistencias\" (\"evento_ocurrencia_id\")\nStep 14: CREATE INDEX \"asistencias_matriculaId_idx\" ON \"public\".\"asistencias\" (\"matricula_id\")\nStep 15: CREATE INDEX \"asistencias_registradoPorId_idx\" ON \"public\".\"asistencias\" (\"registrado_por_id\")\nStep 16: CREATE UNIQUE INDEX \"asistencias_eventoOcurrenciaId_matriculaId_uidx\" ON \"public\".\"asistencias\" (\"evento_ocurrencia_id\", \"matricula_id\")\nStep 17: CREATE TABLE \"public\".\"aspectos_evaluacion\" (\"id\" serial NOT NULL, \"evaluacion_id\" integer NOT NULL, \"descripcion\" text NULL, PRIMARY KEY (\"id\"))\nStep 18: CREATE INDEX \"aspectos_evaluacion_evaluacionId_idx\" ON \"public\".\"aspectos_evaluacion\" (\"evaluacion_id\")\nStep 19: CREATE TABLE \"public\".\"aspectos_evaluacion_estudiantes\" (\"id\" serial NOT NULL, \"aspecto_evaluacion_id\" integer NOT NULL, \"evaluacion_estudiante_id\" integer NOT NULL, \"puntaje\" double precision NULL, PRIMARY KEY (\"id\"))\nStep 20: CREATE INDEX \"aspectos_evaluacion_estudiantes_aspectoEvaluacionId_idx\" ON \"public\".\"aspectos_evaluacion_estudiantes\" (\"aspecto_evaluacion_id\")\nStep 21: CREATE INDEX \"aspectos_evaluacion_estudiantes_evaluacionEstudianteId_idx\" ON \"public\".\"aspectos_evaluacion_estudiantes\" (\"evaluacion_estudiante_id\")\nStep 22: CREATE UNIQUE INDEX \"aspectos_evaluacion_estudiantes_evaluacispectoEvaluacionId_uidx\" ON \"public\".\"aspectos_evaluacion_estudiantes\" (\"evaluacion_estudiante_id\", \"aspecto_evaluacion_id\")\nStep 23: CREATE TABLE \"public\".\"calendarios\" (\"id\" serial NOT NULL, \"anio_id\" integer NULL, \"horario_id\" integer NULL, \"semestre_id\" integer NULL, \"activo\" boolean NULL, \"archivado\" boolean NULL, \"color\" text NULL, \"descripcion\" text NULL, \"duracion\" integer NULL, \"fecha_actualizacion\" timestamptz NULL, \"fecha_creacion\" timestamptz NULL, \"fecha_fin\" timestamptz NULL, \"fecha_ini\" timestamptz NULL, \"fin\" timestamptz NULL, \"inicio\" timestamptz NULL, \"tipo\" text NULL, \"titulo\" text NULL, PRIMARY KEY (\"id\"))\nStep 24: CREATE INDEX \"calendarios_anioId_idx\" ON \"public\".\"calendarios\" (\"anio_id\")\nStep 25: CREATE INDEX \"calendarios_horarioId_idx\" ON \"public\".\"calendarios\" (\"horario_id\")\nStep 26: CREATE INDEX \"calendarios_semestreId_idx\" ON \"public\".\"calendarios\" (\"semestre_id\")\nStep 27: CREATE TABLE \"public\".\"capacidades_terminales\" (\"id\" serial NOT NULL, \"unidad_didactica_id\" integer NOT NULL, \"descripcion\" text NULL, \"sigla\" text NULL, PRIMARY KEY (\"id\"))\nStep 28: CREATE INDEX \"capacidades_terminales_unidadDidacticaId_idx\" ON \"public\".\"capacidades_terminales\" (\"unidad_didactica_id\")\nStep 29: CREATE TABLE \"public\".\"capacidades_terminales_estudiantes\" (\"id\" serial NOT NULL, \"capacidad_terminal_id\" integer NOT NULL, \"matricula_id\" integer NOT NULL, \"promedio\" double precision NULL, PRIMARY KEY (\"id\"))\nStep 30: CREATE INDEX \"capacidades_terminales_estudiantes_capacidadTerminalId_idx\" ON \"public\".\"capacidades_terminales_estudiantes\" (\"capacidad_terminal_id\")\nStep 31: CREATE INDEX \"capacidades_terminales_estudiantes_matriculaId_idx\" ON \"public\".\"capacidades_terminales_estudiantes\" (\"matricula_id\")\nStep 32: CREATE UNIQUE INDEX \"capacidades_terminales_estudiantes_matriapacidadTerminalId_uidx\" ON \"public\".\"capacidades_terminales_estudiantes\" (\"matricula_id\", \"capacidad_terminal_id\")\nStep 33: CREATE TABLE \"public\".\"carreras\" (\"id\" serial NOT NULL, \"act_economica_id\" integer NULL, \"tipo_carrera_id\" integer NULL, \"actualizado_en\" timestamptz NULL, \"codigo\" text NULL, \"creado_en\" timestamptz NULL, \"creditos\" integer NULL, \"descripcion\" text NULL, \"descripcion_2\" text NULL, \"duracion\" text NULL, \"imagen_portada_url\" text NULL, \"nivel\" text NULL, \"nombre\" text NULL, \"slug\" text NULL, \"titulo\" text NULL, \"titulo_comercial\" text NULL, PRIMARY KEY (\"id\"))\nStep 34: CREATE INDEX \"carreras_actEconomicaId_idx\" ON \"public\".\"carreras\" (\"act_economica_id\")\nStep 35: CREATE INDEX \"carreras_tipoCarreraId_idx\" ON \"public\".\"carreras\" (\"tipo_carrera_id\")\nStep 36: CREATE TABLE \"public\".\"dato_general\" (\"id\" serial NOT NULL, \"correo\" text NULL, \"direccion\" text NULL, \"facebook\" text NULL, \"instagram\" text NULL, \"nombre_institucion\" text NULL, \"pagina_web\" text NULL, \"rd\" text NULL, \"ruc\" text NULL, \"telefono_1\" text NULL, \"telefono_2\" text NULL, \"tiktok\" text NULL, \"twitter\" text NULL, \"youtube\" text NULL, PRIMARY KEY (\"id\"))\nStep 37: CREATE TABLE \"public\".\"ejes_transversales\" (\"id\" serial NOT NULL, \"descripcion\" text NULL, \"nombre\" text NULL, PRIMARY KEY (\"id\"))\nStep 38: CREATE TABLE \"public\".\"especialidades\" (\"id\" serial NOT NULL, \"act_economica_id\" integer NULL, \"descripcion\" text NULL, \"descripcion_2\" text NULL, \"imagen_portada_url\" text NULL, \"slug\" text NULL, \"titulo\" text NULL, \"titulo_comercial\" text NULL, PRIMARY KEY (\"id\"))\nStep 39: CREATE INDEX \"especialidades_actEconomicaId_idx\" ON \"public\".\"especialidades\" (\"act_economica_id\")\nStep 40: CREATE TABLE \"public\".\"evaluaciones\" (\"id\" serial NOT NULL, \"actividad_id\" integer NOT NULL, \"indicador_capacidad_id\" integer NOT NULL, \"metodo_id\" integer NULL, \"tecnica_id\" integer NULL, \"instrumento\" text NULL, PRIMARY KEY (\"id\"))\nStep 41: CREATE INDEX \"evaluaciones_actividadId_idx\" ON \"public\".\"evaluaciones\" (\"actividad_id\")\nStep 42: CREATE INDEX \"evaluaciones_indicadorCapacidadId_idx\" ON \"public\".\"evaluaciones\" (\"indicador_capacidad_id\")\nStep 43: CREATE INDEX \"evaluaciones_metodoId_idx\" ON \"public\".\"evaluaciones\" (\"metodo_id\")\nStep 44: CREATE INDEX \"evaluaciones_tecnicaId_idx\" ON \"public\".\"evaluaciones\" (\"tecnica_id\")\nStep 45: CREATE TABLE \"public\".\"evaluaciones_estudiantes\" (\"id\" serial NOT NULL, \"evaluacion_id\" integer NOT NULL, \"matricula_id\" integer NOT NULL, \"nota\" double precision NULL, PRIMARY KEY (\"id\"))\nStep 46: CREATE INDEX \"evaluaciones_estudiantes_evaluacionId_idx\" ON \"public\".\"evaluaciones_estudiantes\" (\"evaluacion_id\")\nStep 47: CREATE INDEX \"evaluaciones_estudiantes_matriculaId_idx\" ON \"public\".\"evaluaciones_estudiantes\" (\"matricula_id\")\nStep 48: CREATE UNIQUE INDEX \"evaluaciones_estudiantes_matriculaId_evaluacionId_uidx\" ON \"public\".\"evaluaciones_estudiantes\" (\"matricula_id\", \"evaluacion_id\")\nStep 49: CREATE TABLE \"public\".\"evento_ocurrencias\" (\"id\" serial NOT NULL, \"evento_id\" integer NOT NULL, \"grupo_id\" integer NULL, \"recurrencia_id\" integer NULL, \"estado\" text NULL, \"fecha_actualizacion\" timestamptz NULL, \"fecha_creacion\" timestamptz NULL, \"fecha_fin\" timestamptz NULL, \"fecha_inicio\" timestamptz NULL, \"numero_ocurrencia\" integer NULL, \"observacion\" text NULL, \"tipo_ocurrencia\" text NULL, PRIMARY KEY (\"id\"))\nStep 50: CREATE INDEX \"evento_ocurrencias_eventoId_idx\" ON \"public\".\"evento_ocurrencias\" (\"evento_id\")\nStep 51: CREATE INDEX \"evento_ocurrencias_grupoId_idx\" ON \"public\".\"evento_ocurrencias\" (\"grupo_id\")\nStep 52: CREATE INDEX \"evento_ocurrencias_recurrenciaId_idx\" ON \"public\".\"evento_ocurrencias\" (\"recurrencia_id\")\nStep 53: CREATE TABLE \"public\".\"evento_recurrencias\" (\"id\" serial NOT NULL, \"evento_id\" integer NOT NULL, \"horario_id\" integer NULL, \"turno_id\" integer NULL, \"activo\" boolean NULL, \"cantidad_ocurrencias\" integer NULL, \"dia_mes\" integer NULL, \"dias_semana\" text NULL, \"fecha_actualizacion\" timestamptz NULL, \"fecha_creacion\" timestamptz NULL, \"fecha_fin\" timestamptz NULL, \"fecha_inicio\" timestamptz NULL, \"frecuencia\" text NULL, \"intervalo\" integer NULL, \"regla_especial\" text NULL, \"semana_mes\" integer NULL, PRIMARY KEY (\"id\"))\nStep 54: CREATE INDEX \"evento_recurrencias_eventoId_idx\" ON \"public\".\"evento_recurrencias\" (\"evento_id\")\nStep 55: CREATE INDEX \"evento_recurrencias_horarioId_idx\" ON \"public\".\"evento_recurrencias\" (\"horario_id\")\nStep 56: CREATE INDEX \"evento_recurrencias_turnoId_idx\" ON \"public\".\"evento_recurrencias\" (\"turno_id\")\nStep 57: CREATE TABLE \"public\".\"evento_relaciones\" (\"id\" serial NOT NULL, \"evento_id\" integer NOT NULL, \"entidad_id\" integer NULL, \"entidad_tipo\" text NULL, \"fecha_actualizacion\" timestamptz NULL, \"fecha_creacion\" timestamptz NULL, PRIMARY KEY (\"id\"))\nStep 58: CREATE INDEX \"evento_relaciones_eventoId_idx\" ON \"public\".\"evento_relaciones\" (\"evento_id\")\nStep 59: CREATE TABLE \"public\".\"eventos\" (\"id\" serial NOT NULL, \"calendario_id\" integer NOT NULL, \"semestre_id\" integer NULL, \"color\" text NULL, \"descripcion\" text NULL, \"estado\" text NULL, \"fecha_actualizacion\" timestamptz NULL, \"fecha_creacion\" timestamptz NULL, \"fecha_fin\" timestamptz NULL, \"fecha_inicio\" timestamptz NULL, \"tipo_evento\" text NULL, \"titulo\" text NULL, \"todo_el_dia\" boolean NULL, \"ubicacion\" text NULL, PRIMARY KEY (\"id\"))\nStep 60: CREATE INDEX \"eventos_calendarioId_idx\" ON \"public\".\"eventos\" (\"calendario_id\")\nStep 61: CREATE INDEX \"eventos_semestreId_idx\" ON \"public\".\"eventos\" (\"semestre_id\")\nStep 62: CREATE TABLE \"public\".\"familias\" (\"id\" serial NOT NULL, \"sector_id\" integer NULL, \"descripcion\" text NULL, \"imagen_portada_url\" text NULL, \"titulo\" text NULL, PRIMARY KEY (\"id\"))\nStep 63: CREATE INDEX \"familias_sectorId_idx\" ON \"public\".\"familias\" (\"sector_id\")\nStep 64: CREATE TABLE \"public\".\"fases\" (\"id\" serial NOT NULL, \"accion_id\" integer NULL, \"actividad_id\" integer NOT NULL, \"descripcion\" text NULL, \"duracion\" integer NULL, \"metodologia\" text NULL, \"nombre\" text NULL, PRIMARY KEY (\"id\"))\nStep 65: CREATE INDEX \"fases_accionId_idx\" ON \"public\".\"fases\" (\"accion_id\")\nStep 66: CREATE INDEX \"fases_actividadId_idx\" ON \"public\".\"fases\" (\"actividad_id\")\nStep 67: CREATE TABLE \"public\".\"fases_metodos\" (\"id\" serial NOT NULL, \"fase_id\" integer NOT NULL, \"metodo_id\" integer NOT NULL, PRIMARY KEY (\"id\"))\nStep 68: CREATE INDEX \"fases_metodos_faseId_idx\" ON \"public\".\"fases_metodos\" (\"fase_id\")\nStep 69: CREATE INDEX \"fases_metodos_metodoId_idx\" ON \"public\".\"fases_metodos\" (\"metodo_id\")\nStep 70: CREATE UNIQUE INDEX \"fases_metodos_faseId_metodoId_uidx\" ON \"public\".\"fases_metodos\" (\"fase_id\", \"metodo_id\")\nStep 71: CREATE TABLE \"public\".\"fases_recursos\" (\"id\" serial NOT NULL, \"fase_id\" integer NOT NULL, \"recurso_id\" integer NOT NULL, PRIMARY KEY (\"id\"))\nStep 72: CREATE INDEX \"fases_recursos_faseId_idx\" ON \"public\".\"fases_recursos\" (\"fase_id\")\nStep 73: CREATE INDEX \"fases_recursos_recursoId_idx\" ON \"public\".\"fases_recursos\" (\"recurso_id\")\nStep 74: CREATE UNIQUE INDEX \"fases_recursos_faseId_recursoId_uidx\" ON \"public\".\"fases_recursos\" (\"fase_id\", \"recurso_id\")\nStep 75: CREATE TABLE \"public\".\"fases_tecnicas\" (\"id\" serial NOT NULL, \"fase_id\" integer NOT NULL, \"tecnica_id\" integer NOT NULL, PRIMARY KEY (\"id\"))\nStep 76: CREATE INDEX \"fases_tecnicas_faseId_idx\" ON \"public\".\"fases_tecnicas\" (\"fase_id\")\nStep 77: CREATE INDEX \"fases_tecnicas_tecnicaId_idx\" ON \"public\".\"fases_tecnicas\" (\"tecnica_id\")\nStep 78: CREATE UNIQUE INDEX \"fases_tecnicas_faseId_tecnicaId_uidx\" ON \"public\".\"fases_tecnicas\" (\"fase_id\", \"tecnica_id\")\nStep 79: CREATE TABLE \"public\".\"grupo_modulos\" (\"id\" serial NOT NULL, \"calendario_id\" integer NULL, \"grupo_id\" integer NOT NULL, \"modulo_id\" integer NOT NULL, \"obligatorio\" boolean NULL, \"orden\" integer NULL, PRIMARY KEY (\"id\"))\nStep 80: CREATE INDEX \"grupo_modulos_calendarioId_idx\" ON \"public\".\"grupo_modulos\" (\"calendario_id\")\nStep 81: CREATE INDEX \"grupo_modulos_grupoId_idx\" ON \"public\".\"grupo_modulos\" (\"grupo_id\")\nStep 82: CREATE INDEX \"grupo_modulos_moduloId_idx\" ON \"public\".\"grupo_modulos\" (\"modulo_id\")\nStep 83: CREATE UNIQUE INDEX \"grupo_modulos_grupoId_moduloId_uidx\" ON \"public\".\"grupo_modulos\" (\"grupo_id\", \"modulo_id\")\nStep 84: CREATE TABLE \"public\".\"grupos\" (\"id\" serial NOT NULL, \"horario_id\" integer NULL, \"paquete_id\" integer NULL, \"personal_id\" integer NULL, \"semestre_id\" integer NULL, \"turno_id\" integer NULL, \"archivado\" boolean NULL, \"calendario_id\" integer NULL, \"descripcion\" text NULL, \"estado\" text NULL, \"fecha_actualizacion\" timestamptz NULL, \"fecha_creacion\" timestamptz NULL, \"grupo_ord\" integer NULL, \"modulo_id\" integer NULL, \"nombre_display\" text NULL, \"turno\" text NULL, PRIMARY KEY (\"id\"))\nStep 85: CREATE INDEX \"grupos_calendarioId_idx\" ON \"public\".\"grupos\" (\"calendario_id\")\nStep 86: CREATE INDEX \"grupos_moduloId_idx\" ON \"public\".\"grupos\" (\"modulo_id\")\nStep 87: CREATE INDEX \"grupos_horarioId_idx\" ON \"public\".\"grupos\" (\"horario_id\")\nStep 88: CREATE INDEX \"grupos_paqueteId_idx\" ON \"public\".\"grupos\" (\"paquete_id\")\nStep 89: CREATE INDEX \"grupos_personalId_idx\" ON \"public\".\"grupos\" (\"personal_id\")\nStep 90: CREATE INDEX \"grupos_semestreId_idx\" ON \"public\".\"grupos\" (\"semestre_id\")\nStep 91: CREATE INDEX \"grupos_turnoId_idx\" ON \"public\".\"grupos\" (\"turno_id\")\nStep 92: CREATE TABLE \"public\".\"horarios\" (\"id\" serial NOT NULL, \"activo\" boolean NULL, \"descripcion\" text NULL, \"dias_semana\" text NULL, \"fecha_actualizacion\" timestamptz NULL, \"fecha_creacion\" timestamptz NULL, \"nombre\" text NULL, \"regla\" text NULL, \"viernes_alterno_inicio\" text NULL, PRIMARY KEY (\"id\"))\nStep 93: CREATE TABLE \"public\".\"indicadores_capacidad\" (\"id\" serial NOT NULL, \"capacidad_terminal_id\" integer NOT NULL, \"descripcion\" text NULL, \"sigla\" text NULL, PRIMARY KEY (\"id\"))\nStep 94: CREATE INDEX \"indicadores_capacidad_capacidadTerminalId_idx\" ON \"public\".\"indicadores_c\n"}}
[2026-07-06T00:08:47.665Z] I0705 19:08:47.665405   10392 control.go:100] [projects/emulator/locations/emulator/services/cetprosmp-2026-service 70d9] UpdateResources(): done
Main schema: sources: schema\schema.gql [29258B] 
Connector "default": sources: example\mutations.gql [1673B] example\queries.gql [1895B] 
 {"metadata":{"emulator":{"name":"dataconnect"},"message":"I0705 19:08:47.665405   10392 control.go:100] [projects/emulator/locations/emulator/services/cetprosmp-2026-service 70d9] UpdateResources(): done\nMain schema: sources: schema\\schema.gql [29258B] \nConnector \"default\": sources: example\\mutations.gql [1673B] example\\queries.gql [1895B] \n"}}
[2026-07-06T00:08:47.703Z] I0705 19:08:47.703252   10392 configure_emulator.go:21] ConfigureEmulator successed
Request: service_id:  "cetprosmp-2026-service"
connection_string:  "postgres://127.0.0.1:5433/cetprosmp-db?sslmode=disable"
database:  "cetprosmp-db"

Response: 
 {"metadata":{"emulator":{"name":"dataconnect"},"message":"I0705 19:08:47.703252   10392 configure_emulator.go:21] ConfigureEmulator successed\nRequest: service_id:  \"cetprosmp-2026-service\"\nconnection_string:  \"postgres://127.0.0.1:5433/cetprosmp-db?sslmode=disable\"\ndatabase:  \"cetprosmp-db\"\n\nResponse: \n"}}
[2026-07-06T00:08:47.704Z] <<< [apiv2][status] POST http://127.0.0.1:9399/emulator/configure 200
[2026-07-06T00:08:47.704Z] <<< [apiv2][body] POST http://127.0.0.1:9399/emulator/configure {}
[2026-07-06T00:08:47.705Z] [SQL Connect] Successfully connected to postgres://127.0.0.1:5433/cetprosmp-db?sslmode=disable}
!  emulators: The Emulator UI is not starting because none of the running emulators have a UI component. {"metadata":{"emulator":{"name":"hub"},"message":"The Emulator UI is not starting because none of the running emulators have a UI component."}}
[2026-07-06T00:08:47.709Z] >>> [apiv2][query] GET http://127.0.0.1:9399/emulator/info [none]
[2026-07-06T00:08:47.711Z] <<< [apiv2][status] GET http://127.0.0.1:9399/emulator/info 200
[2026-07-06T00:08:47.712Z] <<< [apiv2][body] GET http://127.0.0.1:9399/emulator/info {"version":"","services":[{"serviceId":"cetprosmp-2026-service","connectionString":"dbname='cetprosmp-db' host='127.0.0.1' port='5433' sslmode='disable' dbname='cetprosmp-db'"}]}

┌─────────────────────────────────────────────────────────────┐
│ ✔  All emulators ready! It is now safe to connect your app. │
└─────────────────────────────────────────────────────────────┘

┌─────────────┬────────────────┐
│ Emulator    │ Host:Port      │
├─────────────┼────────────────┤
│ SQL Connect │ 127.0.0.1:9399 │
└─────────────┴────────────────┘
  Emulator Hub host: 127.0.0.1 port: 4400
  Other reserved ports: 4500

Issues? Report them at https://github.com/firebase/firebase-tools/issues and attach the *-debug.log files.
 
[2026-07-06T00:08:59.084Z] Postgres client disconnected
[2026-07-06T00:08:59.803Z] Postgres client disconnected
[2026-07-06T00:08:59.826Z] Postgres client disconnected
[2026-07-06T00:09:17.332Z] Postgres client disconnected
[2026-07-06T00:09:18.084Z] Postgres client disconnected
[2026-07-06T00:09:18.107Z] Postgres client disconnected
[2026-07-06T00:09:38.894Z] Postgres client disconnected
[2026-07-06T00:09:39.660Z] Postgres client disconnected
[2026-07-06T00:09:39.684Z] Postgres client disconnected
i  emulators: Received export request. Exporting data to D:\_Desarrollo\cetprosmp-next\backups\remote-clone-20260705-185510\remote-export\exportedData. 
[2026-07-06T00:09:51.098Z] hubExport: swapping firebase-export-1783296589826ow5XXU with D:\_Desarrollo\cetprosmp-next\backups\remote-clone-20260705-185510\remote-export\exportedData
+  emulators: Export complete. 
!!  dataconnect: Postgres threw an unexpected error, shutting down the SQL Connect emulator: Error: read ECONNRESET {"metadata":{"emulator":{"name":"dataconnect"},"message":"Postgres threw an unexpected error, shutting down the SQL Connect emulator: Error: read ECONNRESET"}}
i  emulators: Shutting down emulators. {"metadata":{"emulator":{"name":"hub"},"message":"Shutting down emulators."}}
i  dataconnect: Stopping SQL Connect Emulator {"metadata":{"emulator":{"name":"dataconnect"},"message":"Stopping SQL Connect Emulator"}}
i  hub: Stopping emulator hub {"metadata":{"emulator":{"name":"hub"},"message":"Stopping emulator hub"}}
i  logging: Stopping Logging Emulator {"metadata":{"emulator":{"name":"logging"},"message":"Stopping Logging Emulator"}}
